战狼2-8.6-1-主演:吴京+弗兰克·格里罗+吴刚+张翰+卢靖姗+丁海峰+淳于珊珊+余男+于谦+石兆琪+奥列格·斯特里仁诺夫+Thayr Harris+苇青+杜建桥+
空天猎-7.3-1-主演:李晨+范冰冰+王千源+李佳航+赵达+李晨浩+郭洺宇+叶浏+陆思宇+吴秀波+邓超+王学圻+
熊出没之夺宝熊兵-7.3-0-主演:
战狼-8.2-0-主演:吴京+余男+
笔仙大战贞子2-7.9-1-主演:奚美丽+云翔+朱娅+王宇凝+
蝶影惊魂-6.7-1-主演:邓凯蓝+覃飞+郭星辰+
悟空传-8.0-0-主演:彭于晏+倪妮+余文乐+俞飞鸿+欧豪+郑爽+乔杉+杨迪+巴音+王德顺+张艺骞+张承阳+
僵尸先生-8.7-1-主演:林正英+黄虾+钱小豪+许冠英+
三生三世十里桃花-7.2-0-主演:刘亦菲+杨洋+罗晋+严屹宽+李纯+顾璇+陈佩斯+张贺茗+王羽铮+
笔仙大战贞子-7.5-0-主演:雷鸣+
美人鱼-8.0-0-主演:林允+邓超+
大鱼海棠-8.0-0-主演:梁旋+
越来越好之村晚-7.4-0-主演:郭富城+王宝强+吴君如+徐静蕾+佟大为+王珞丹+梁家辉+倪大红+景甜+张译+吴刚+黄觉+
西游伏妖篇-8.0-0-主演:吴亦凡+林更新+姚晨+林允+包贝尔+巴特尔+杨一威+大鹏+王丽坤+汪铎+张美娥+王超+舒淇+
闪光少女-8.3-1-主演:徐璐+彭昱畅+
死侍-8.1-1-主演:瑞安·雷诺兹+Morena Baccarin+艾德·斯克林+
英雄本色3-8.1-1-主演:周润发+
你的名字。-9.2-0-主演:神木隆之介+上白石萌音+
夏洛特烦恼-8.4-0-主演:沈腾+尹正+马丽+
熊出没 奇幻空间-8.4-0-主演:
僵尸先生3-8.3-1-主演:林正英+吴耀汉+吕方+楼南光+
赌神2-8.5-1-主演:周润发+吴倩莲+梁家辉+邱淑贞+
澳门风云3-7.2-0-主演:刘德华+周润发+
蜘蛛侠：英雄归来-8.0-0-主演:汤姆·霍兰德+
捉妖记-8.3-0-主演:白百何+井柏然+
血缎惊瞳-6.6-1-主演:石瀚文+
龙拳小子-7.4-0-主演:刘芮麟+童菲+林秋楠+
美女食人族-7.2-0-主演:郑義桐+王宇凝+
僵尸至尊-8.1-1-主演:林正英+吴家丽+
新僵尸先生-8.1-1-主演:林正英+钱小豪+
